SF:/Users/boriphuths/ASP.NET Core/TDDdotnetCore/TDDDemoAppTests/obj/Debug/netcoreapp2.1/TDDDemoAppTests.Program.cs
FN:3,System.Void AutoGeneratedProgram::Main(System.String[])
FNDA:0,System.Void AutoGeneratedProgram::Main(System.String[])
DA:4,0
LF:1
LH:0
BRF:0
BRH:0
FNF:1
FNH:0
end_of_record
SF:/Users/boriphuths/ASP.NET Core/TDDdotnetCore/TDDDemoAppTests/TextAnalyzerUnitTests.cs
FN:6,System.Void TDDDemoAppTests.TextAnalyzerUnitTests::GetTotalWordCount_WhenPassedRegularText_ShouldReturnExpectedCount()
FNDA:1,System.Void TDDDemoAppTests.TextAnalyzerUnitTests::GetTotalWordCount_WhenPassedRegularText_ShouldReturnExpectedCount()
DA:7,1
DA:10,1
DA:13,1
DA:16,1
DA:17,1
LF:5
LH:5
BRF:0
BRH:0
FNF:1
FNH:1
end_of_record
SF:/Users/boriphuths/ASP.NET Core/TDDdotnetCore/TDDDemoApp/TextAnalyzer.cs
FN:2,System.Int32 tdddemoapp.TextAnalyzer::GetTotalWordCount(System.String)
FNDA:1,System.Int32 tdddemoapp.TextAnalyzer::GetTotalWordCount(System.String)
DA:3,1
DA:4,2
DA:6,29
DA:8,94
DA:9,80
DA:11,14
DA:14,27
DA:15,13
DA:16,14
DA:18,1
DA:19,1
BRDA:6,97,1,14
BRDA:8,43,1,80
BRDA:8,21,0,93
BRDA:8,21,1,1
BRDA:8,43,0,14
BRDA:14,81,1,13
BRDA:14,62,0,26
BRDA:14,62,1,1
BRDA:14,81,0,14
BRDA:6,97,0,1
LF:11
LH:11
BRF:10
BRH:10
FNF:1
FNH:1
end_of_record